#
# A fatal error has been detected by the Java Runtime Environment:
#
#  EXCEPTION_ACCESS_VIOLATION (0xc0000005) at pc=0x6c99ba33, pid=9892, tid=0x000017f8
#
# JRE version: Java(TM) SE Runtime Environment (8.0_191-b12) (build 1.8.0_191-b12)
# Java VM: Java HotSpot(TM) Client VM (25.191-b12 mixed mode windows-x86 )
# Problematic frame:
# V  [jvm.dll+0x15ba33]
#
# Failed to write core dump. Minidumps are not enabled by default on client versions of Windows
#
# If you would like to submit a bug report, please visit:
#   http://bugreport.java.com/bugreport/crash.jsp
#

---------------  T H R E A D  ---------------

Current thread (0x171bb400):  JavaThread "http-nio-8080-exec-2" daemon [_thread_in_vm, id=6136, stack(0x24fc0000,0x25010000)]

siginfo: ExceptionCode=0xc0000005, writing address 0x2500b83c

Registers:
EAX=0x00004000, EBX=0x2500fa2c, ECX=0x2500b83c, EDX=0x17334730
ESP=0x2500f848, EBP=0x2500f8b4, ESI=0x00000005, EDI=0x2500f83c
EIP=0x6c99ba33, EFLAGS=0x00010206

Top of Stack: (sp=0x2500f848)
0x2500f848:   156adfe0 171bb400 6c99c2c3 00000000
0x2500f858:   171bb400 2500f99c 00000001 171bb400
0x2500f868:   6c8c5415 171bb400 17334730 13f12ea8
0x2500f878:   2500f8d4 6c8c5e6e 13f14820 188b9fe0
0x2500f888:   13f12ea8 171bb400 13f12ea8 171bb400
0x2500f898:   17334730 13f12ea8 171bb400 0000000a
0x2500f8a8:   2500f99c 156adfe0 01dcb310 2500f8fc
0x2500f8b8:   6ca63ece 2500fa24 2500f928 2500f99c 

Instructions: (pc=0x6c99ba33)
0x6c99ba13:   a9 85 0c 00 be 01 00 00 00 8b f8 39 35 08 ea b9
0x6c99ba23:   6c 7c 1b e8 95 57 06 00 0f af c6 8b cf 2b c8 46
0x6c99ba33:   c7 01 00 00 00 00 3b 35 08 ea b9 6c 7e e5 5f 5e
0x6c99ba43:   c3 cc cc cc cc cc cc cc cc cc cc cc cc 8b 01 8b 


Register to memory mapping:

EAX=0x00004000 is an unknown value
EBX=0x2500fa2c is pointing into the stack for thread: 0x171bb400
ECX=0x2500b83c is pointing into the stack for thread: 0x171bb400
EDX=0x17334730 is an unknown value
ESP=0x2500f848 is pointing into the stack for thread: 0x171bb400
EBP=0x2500f8b4 is pointing into the stack for thread: 0x171bb400
ESI=0x00000005 is an unknown value
EDI=0x2500f83c is pointing into the stack for thread: 0x171bb400


Stack: [0x24fc0000,0x25010000],  sp=0x2500f848,  free space=318k
Native frames: (J=compiled Java code, j=interpreted, Vv=VM code, C=native code)
V  [jvm.dll+0x15ba33]
V  [jvm.dll+0x223ece]
V  [jvm.dll+0x15c3ae]
V  [jvm.dll+0x15c536]
V  [jvm.dll+0x15c5a7]
V  [jvm.dll+0x1002ef]
V  [jvm.dll+0x17f550]
V  [jvm.dll+0x17fdca]
V  [jvm.dll+0x1c57a6]
C  [msvcr100.dll+0x5c556]
C  [msvcr100.dll+0x5c600]
C  [KERNEL32.DLL+0x1a1a4]
C  [ntdll.dll+0x6179e]
C  [ntdll.dll+0x61772]
C  0x00000000


---------------  P R O C E S S  ---------------

Java Threads: ( => current thread )
  0x169fa400 JavaThread "http-nio-8080-ClientPoller-0" daemon [_thread_in_vm, id=2032, stack(0x25290000,0x252e0000)]
  0x169f9800 JavaThread "http-nio-8080-exec-10" daemon [_thread_in_vm, id=2456, stack(0x25240000,0x25290000)]
  0x171bb000 JavaThread "http-nio-8080-exec-9" daemon [_thread_blocked, id=4476, stack(0x251f0000,0x25240000)]
  0x171ba800 JavaThread "http-nio-8080-exec-8" daemon [_thread_in_vm, id=1732, stack(0x251a0000,0x251f0000)]
  0x171b7c00 JavaThread "http-nio-8080-exec-7" daemon [_thread_blocked, id=7344, stack(0x25150000,0x251a0000)]
  0x171b5800 JavaThread "http-nio-8080-exec-6" daemon [_thread_blocked, id=3464, stack(0x25100000,0x25150000)]
  0x171b5000 JavaThread "http-nio-8080-exec-5" daemon [_thread_blocked, id=6448, stack(0x250b0000,0x25100000)]
  0x171b4c00 JavaThread "http-nio-8080-exec-4" daemon [_thread_blocked, id=6116, stack(0x25060000,0x250b0000)]
  0x171b7000 JavaThread "http-nio-8080-exec-3" daemon [_thread_blocked, id=808, stack(0x25010000,0x25060000)]
=>0x171bb400 JavaThread "http-nio-8080-exec-2" daemon [_thread_in_vm, id=6136, stack(0x24fc0000,0x25010000)]
  0x171ba400 JavaThread "http-nio-8080-exec-1" daemon [_thread_in_vm, id=188, stack(0x24f20000,0x24f70000)]
  0x171b9000 JavaThread "NioBlockingSelector.BlockPoller-19" daemon [_thread_in_native, id=8064, stack(0x24ed0000,0x24f20000)]
  0x171b9400 JavaThread "File Watcher" daemon [_thread_blocked, id=3504, stack(0x24e80000,0x24ed0000)]
  0x171b5c00 JavaThread "HikariPool-19 connection adder" daemon [_thread_in_native, id=5108, stack(0x24e30000,0x24e80000)]
  0x171b8400 JavaThread "HikariPool-19 housekeeper" daemon [_thread_blocked, id=3292, stack(0x24de0000,0x24e30000)]
  0x171b4400 JavaThread "container-0" [_thread_blocked, id=7212, stack(0x24d90000,0x24de0000)]
  0x171b6800 JavaThread "ContainerBackgroundProcessor[StandardEngine[Tomcat]]" daemon [_thread_blocked, id=860, stack(0x24d40000,0x24d90000)]
  0x171b3c00 JavaThread "localhost-startStop-1" daemon [_thread_blocked, id=5060, stack(0x24cf0000,0x24d40000)]
  0x171b8800 JavaThread "Tomcat-startStop-1" daemon [_thread_blocked, id=7520, stack(0x24ca0000,0x24cf0000)]
  0x171b6400 JavaThread "restartedMain" [_thread_in_native, id=9908, stack(0x24c00000,0x24c50000)]
  0x171b7800 JavaThread "Thread-106" [_thread_blocked, id=8916, stack(0x24a70000,0x24ac0000)]
  0x171b9c00 JavaThread "DestroyJavaVM" [_thread_blocked, id=6920, stack(0x01b50000,0x01ba0000)]
  0x169f9c00 JavaThread "Live Reload Server" daemon [_thread_in_native, id=8700, stack(0x18a20000,0x18a70000)]
  0x169fbc00 JavaThread "Abandoned connection cleanup thread" daemon [_thread_blocked, id=6492, stack(0x17c40000,0x17c90000)]
  0x143a3000 JavaThread "Service Thread" daemon [_thread_blocked, id=7460, stack(0x147d0000,0x14820000)]
  0x14377800 JavaThread "C1 CompilerThread0" daemon [_thread_blocked, id=1152, stack(0x14780000,0x147d0000)]
  0x14376800 JavaThread "Attach Listener" daemon [_thread_blocked, id=9140, stack(0x14730000,0x14780000)]
  0x14380400 JavaThread "Signal Dispatcher" daemon [_thread_blocked, id=3584, stack(0x146e0000,0x14730000)]
  0x1436c800 JavaThread "Finalizer" daemon [_thread_blocked, id=4460, stack(0x145a0000,0x145f0000)]
  0x14356c00 JavaThread "Reference Handler" daemon [_thread_blocked, id=8400, stack(0x14550000,0x145a0000)]

Other Threads:
  0x14351000 VMThread [stack: 0x01c60000,0x01cb0000] [id=6928]
  0x143a6800 WatcherThread [stack: 0x14820000,0x14870000] [id=5556]

VM state:not at safepoint (normal execution)

VM Mutex/Monitor currently owned by a thread: None

Heap:
 def new generation   total 26752K, used 26186K [0x03e00000, 0x05b00000, 0x09350000)
  eden space 23808K,  98% used [0x03e00000, 0x054cae60, 0x05540000)
  from space 2944K,  96% used [0x05820000, 0x05ae7d30, 0x05b00000)
  to   space 2944K,   0% used [0x05540000, 0x05540000, 0x05820000)
 tenured generation   total 59340K, used 36807K [0x09350000, 0x0cd43000, 0x13e00000)
   the space 59340K,  62% used [0x09350000, 0x0b741f08, 0x0b742000, 0x0cd43000)
 Metaspace       used 45144K, capacity 46970K, committed 46976K, reserved 48512K

Card table byte_map: [0x13e00000,0x13e90000] byte_map_base: 0x13de1000

Polling page: 0x009f0000

CodeCache: size=32768Kb used=6836Kb max_used=7130Kb free=25931Kb
 bounds [0x01dc0000, 0x024f0000, 0x03dc0000]
 total_blobs=3414 nmethods=3187 adapters=156
 compilation: enabled

Compilation events (10 events):
Event: 1659.097 Thread 0x14377800 11334             org.springframework.beans.factory.annotation.InitDestroyAnnotationBeanPostProcessor::postProcessMergedBeanDefinition (14 bytes)
Event: 1659.097 Thread 0x14377800 nmethod 11334 0x021fbe08 code [0x021fbf10, 0x021fbfc8]
Event: 1659.099 Thread 0x14377800 11335             org.springframework.util.ClassUtils::determineCommonAncestor (61 bytes)
Event: 1659.100 Thread 0x14377800 nmethod 11335 0x021fb9c8 code [0x021fbb00, 0x021fbc90]
Event: 1659.102 Thread 0x14377800 11336             org.springframework.boot.web.server.ErrorPageRegistrarBeanPostProcessor::postProcessAfterInitialization (2 bytes)
Event: 1659.102 Thread 0x14377800 nmethod 11336 0x021fb808 code [0x021fb900, 0x021fb980]
Event: 1659.236 Thread 0x14377800 11337             javax.management.JMX::isMXBeanInterface (58 bytes)
Event: 1659.238 Thread 0x14377800 nmethod 11337 0x021fb188 code [0x021fb300, 0x021fb574]
Event: 1659.257 Thread 0x14377800 11338             javax.management.ImmutableDescriptor::<init> (210 bytes)
Event: 1659.260 Thread 0x14377800 nmethod 11338 0x021fa148 code [0x021fa360, 0x021fab5c]

GC Heap History (10 events):
Event: 1655.177 GC heap before
{Heap before GC invocations=260 (full 22):
 def new generation   total 26752K, used 23808K [0x03e00000, 0x05b00000, 0x09350000)
  eden space 23808K, 100% used [0x03e00000, 0x05540000, 0x05540000)
  from space 2944K,   0% used [0x05540000, 0x05540000, 0x05820000)
  to   space 2944K,   0% used [0x05820000, 0x05820000, 0x05b00000)
 tenured generation   total 59340K, used 35493K [0x09350000, 0x0cd43000, 0x13e00000)
   the space 59340K,  59% used [0x09350000, 0x0b5f9660, 0x0b5f9800, 0x0cd43000)
 Metaspace       used 44945K, capacity 46721K, committed 46848K, reserved 47488K
Event: 1655.188 GC heap after
Heap after GC invocations=261 (full 22):
 def new generation   total 26752K, used 1019K [0x03e00000, 0x05b00000, 0x09350000)
  eden space 23808K,   0% used [0x03e00000, 0x03e00000, 0x05540000)
  from space 2944K,  34% used [0x05820000, 0x0591ecd8, 0x05b00000)
  to   space 2944K,   0% used [0x05540000, 0x05540000, 0x05820000)
 tenured generation   total 59340K, used 35493K [0x09350000, 0x0cd43000, 0x13e00000)
   the space 59340K,  59% used [0x09350000, 0x0b5f9660, 0x0b5f9800, 0x0cd43000)
 Metaspace       used 44945K, capacity 46721K, committed 46848K, reserved 47488K
}
Event: 1655.824 GC heap before
{Heap before GC invocations=261 (full 22):
 def new generation   total 26752K, used 24827K [0x03e00000, 0x05b00000, 0x09350000)
  eden space 23808K, 100% used [0x03e00000, 0x05540000, 0x05540000)
  from space 2944K,  34% used [0x05820000, 0x0591ecd8, 0x05b00000)
  to   space 2944K,   0% used [0x05540000, 0x05540000, 0x05820000)
 tenured generation   total 59340K, used 35493K [0x09350000, 0x0cd43000, 0x13e00000)
   the space 59340K,  59% used [0x09350000, 0x0b5f9660, 0x0b5f9800, 0x0cd43000)
 Metaspace       used 44947K, capacity 46723K, committed 46848K, reserved 47488K
Event: 1655.838 GC heap after
Heap after GC invocations=262 (full 22):
 def new generation   total 26752K, used 1781K [0x03e00000, 0x05b00000, 0x09350000)
  eden space 23808K,   0% used [0x03e00000, 0x03e00000, 0x05540000)
  from space 2944K,  60% used [0x05540000, 0x056fd518, 0x05820000)
  to   space 2944K,   0% used [0x05820000, 0x05820000, 0x05b00000)
 tenured generation   total 59340K, used 35493K [0x09350000, 0x0cd43000, 0x13e00000)
   the space 59340K,  59% used [0x09350000, 0x0b5f9660, 0x0b5f9800, 0x0cd43000)
 Metaspace       used 44947K, capacity 46723K, committed 46848K, reserved 47488K
}
Event: 1656.527 GC heap before
{Heap before GC invocations=262 (full 22):
 def new generation   total 26752K, used 25577K [0x03e00000, 0x05b00000, 0x09350000)
  eden space 23808K,  99% used [0x03e00000, 0x0553cfc8, 0x05540000)
  from space 2944K,  60% used [0x05540000, 0x056fd518, 0x05820000)
  to   space 2944K,   0% used [0x05820000, 0x05820000, 0x05b00000)
 tenured generation   total 59340K, used 35493K [0x09350000, 0x0cd43000, 0x13e00000)
   the space 59340K,  59% used [0x09350000, 0x0b5f9660, 0x0b5f9800, 0x0cd43000)
 Metaspace       used 44995K, capacity 46802K, committed 46848K, reserved 47488K
Event: 1656.544 GC heap after
Heap after GC invocations=263 (full 22):
 def new generation   total 26752K, used 1695K [0x03e00000, 0x05b00000, 0x09350000)
  eden space 23808K,   0% used [0x03e00000, 0x03e00000, 0x05540000)
  from space 2944K,  57% used [0x05820000, 0x059c7c10, 0x05b00000)
  to   space 2944K,   0% used [0x05540000, 0x05540000, 0x05820000)
 tenured generation   total 59340K, used 36157K [0x09350000, 0x0cd43000, 0x13e00000)
   the space 59340K,  60% used [0x09350000, 0x0b69f530, 0x0b69f600, 0x0cd43000)
 Metaspace       used 44995K, capacity 46802K, committed 46848K, reserved 47488K
}
Event: 1656.722 GC heap before
{Heap before GC invocations=263 (full 22):
 def new generation   total 26752K, used 25503K [0x03e00000, 0x05b00000, 0x09350000)
  eden space 23808K, 100% used [0x03e00000, 0x05540000, 0x05540000)
  from space 2944K,  57% used [0x05820000, 0x059c7c10, 0x05b00000)
  to   space 2944K,   0% used [0x05540000, 0x05540000, 0x05820000)
 tenured generation   total 59340K, used 36157K [0x09350000, 0x0cd43000, 0x13e00000)
   the space 59340K,  60% used [0x09350000, 0x0b69f530, 0x0b69f600, 0x0cd43000)
 Metaspace       used 44997K, capacity 46805K, committed 46848K, reserved 47488K
Event: 1656.737 GC heap after
Heap after GC invocations=264 (full 22):
 def new generation   total 26752K, used 1119K [0x03e00000, 0x05b00000, 0x09350000)
  eden space 23808K,   0% used [0x03e00000, 0x03e00000, 0x05540000)
  from space 2944K,  38% used [0x05540000, 0x05657de0, 0x05820000)
  to   space 2944K,   0% used [0x05820000, 0x05820000, 0x05b00000)
 tenured generation   total 59340K, used 36807K [0x09350000, 0x0cd43000, 0x13e00000)
   the space 59340K,  62% used [0x09350000, 0x0b741f08, 0x0b742000, 0x0cd43000)
 Metaspace       used 44997K, capacity 46805K, committed 46848K, reserved 47488K
}
Event: 1658.145 GC heap before
{Heap before GC invocations=264 (full 22):
 def new generation   total 26752K, used 24927K [0x03e00000, 0x05b00000, 0x09350000)
  eden space 23808K, 100% used [0x03e00000, 0x05540000, 0x05540000)
  from space 2944K,  38% used [0x05540000, 0x05657de0, 0x05820000)
  to   space 2944K,   0% used [0x05820000, 0x05820000, 0x05b00000)
 tenured generation   total 59340K, used 36807K [0x09350000, 0x0cd43000, 0x13e00000)
   the space 59340K,  62% used [0x09350000, 0x0b741f08, 0x0b742000, 0x0cd43000)
 Metaspace       used 45076K, capacity 46874K, committed 46976K, reserved 48512K
Event: 1658.167 GC heap after
Heap after GC invocations=265 (full 22):
 def new generation   total 26752K, used 2847K [0x03e00000, 0x05b00000, 0x09350000)
  eden space 23808K,   0% used [0x03e00000, 0x03e00000, 0x05540000)
  from space 2944K,  96% used [0x05820000, 0x05ae7d30, 0x05b00000)
  to   space 2944K,   0% used [0x05540000, 0x05540000, 0x05820000)
 tenured generation   total 59340K, used 36807K [0x09350000, 0x0cd43000, 0x13e00000)
   the space 59340K,  62% used [0x09350000, 0x0b741f08, 0x0b742000, 0x0cd43000)
 Metaspace       used 45076K, capacity 46874K, committed 46976K, reserved 48512K
}

Deoptimization events (0 events):
No events

Classes redefined (0 events):
No events

Internal exceptions (10 events):
Event: 1659.136 Thread 0x171b6400 Exception <a 'java/lang/ArrayIndexOutOfBoundsException'> (0x0511ffb8) thrown at [C:\workspace\8-2-build-windows-i586-cygwin\jdk8u191\11896\hotspot\src\share\vm\runtime\sharedRuntime.cpp, line 605]
Event: 1659.137 Thread 0x171b6400 Exception <a 'java/lang/ArrayIndexOutOfBoundsException'> (0x05122d08) thrown at [C:\workspace\8-2-build-windows-i586-cygwin\jdk8u191\11896\hotspot\src\share\vm\runtime\sharedRuntime.cpp, line 605]
Event: 1659.137 Thread 0x171b6400 Exception <a 'java/lang/ArrayIndexOutOfBoundsException'> (0x051260f0) thrown at [C:\workspace\8-2-build-windows-i586-cygwin\jdk8u191\11896\hotspot\src\share\vm\runtime\sharedRuntime.cpp, line 605]
Event: 1659.139 Thread 0x171b6400 Exception <a 'java/lang/ArrayIndexOutOfBoundsException'> (0x05128e38) thrown at [C:\workspace\8-2-build-windows-i586-cygwin\jdk8u191\11896\hotspot\src\share\vm\runtime\sharedRuntime.cpp, line 605]
Event: 1659.183 Thread 0x171b6400 Exception <a 'java/lang/ArrayIndexOutOfBoundsException'> (0x051d0130) thrown at [C:\workspace\8-2-build-windows-i586-cygwin\jdk8u191\11896\hotspot\src\share\vm\runtime\sharedRuntime.cpp, line 605]
Event: 1659.183 Thread 0x171b6400 Exception <a 'java/lang/ArrayIndexOutOfBoundsException'> (0x051d2df0) thrown at [C:\workspace\8-2-build-windows-i586-cygwin\jdk8u191\11896\hotspot\src\share\vm\runtime\sharedRuntime.cpp, line 605]
Event: 1659.183 Thread 0x171b6400 Exception <a 'java/lang/ArrayIndexOutOfBoundsException'> (0x051d4a30) thrown at [C:\workspace\8-2-build-windows-i586-cygwin\jdk8u191\11896\hotspot\src\share\vm\runtime\sharedRuntime.cpp, line 605]
Event: 1659.195 Thread 0x171b6400 Exception <a 'java/lang/ArrayIndexOutOfBoundsException'> (0x05209738) thrown at [C:\workspace\8-2-build-windows-i586-cygwin\jdk8u191\11896\hotspot\src\share\vm\runtime\sharedRuntime.cpp, line 605]
Event: 1659.195 Thread 0x171b6400 Exception <a 'java/lang/ArrayIndexOutOfBoundsException'> (0x0520b2a0) thrown at [C:\workspace\8-2-build-windows-i586-cygwin\jdk8u191\11896\hotspot\src\share\vm\runtime\sharedRuntime.cpp, line 605]
Event: 1659.286 Thread 0x171b6400 Exception <a 'java/lang/OutOfMemoryError': unable to create new native thread> (0x053aed70) thrown at [C:\workspace\8-2-build-windows-i586-cygwin\jdk8u191\11896\hotspot\src\share\vm\prims\jvm.cpp, line 3078]

Events (10 events):
Event: 1659.280 Thread 0x171b4c00 Thread added: 0x171b4c00
Event: 1659.280 Thread 0x171b5000 Thread added: 0x171b5000
Event: 1659.281 Thread 0x171b5800 Thread added: 0x171b5800
Event: 1659.281 Thread 0x171b7c00 Thread added: 0x171b7c00
Event: 1659.281 Thread 0x171ba800 Thread added: 0x171ba800
Event: 1659.281 Thread 0x171bb000 Thread added: 0x171bb000
Event: 1659.281 Thread 0x169f9800 Thread added: 0x169f9800
Event: 1659.284 Thread 0x169fa400 Thread added: 0x169fa400
Event: 1659.289 loading class org/springframework/boot/ExitCodeGenerators
Event: 1659.289 loading class org/springframework/boot/ExitCodeGenerators done


Dynamic libraries:
0x008f0000 - 0x00923000 	C:\Program Files\Java\jre1.8.0_191\bin\javaw.exe
0x76f40000 - 0x770cf000 	C:\WINDOWS\SYSTEM32\ntdll.dll
0x74920000 - 0x749b8000 	C:\WINDOWS\System32\KERNEL32.DLL
0x73a10000 - 0x73bf6000 	C:\WINDOWS\System32\KERNELBASE.dll
0x76eb0000 - 0x76f28000 	C:\WINDOWS\System32\ADVAPI32.dll
0x749c0000 - 0x74a7f000 	C:\WINDOWS\System32\msvcrt.dll
0x76880000 - 0x768c4000 	C:\WINDOWS\System32\sechost.dll
0x768d0000 - 0x76997000 	C:\WINDOWS\System32\RPCRT4.dll
0x763b0000 - 0x76524000 	C:\WINDOWS\System32\USER32.dll
0x739f0000 - 0x73a0b000 	C:\WINDOWS\System32\win32u.dll
0x75e30000 - 0x75e52000 	C:\WINDOWS\System32\GDI32.dll
0x73d70000 - 0x73ed7000 	C:\WINDOWS\System32\gdi32full.dll
0x73fd0000 - 0x7404d000 	C:\WINDOWS\System32\msvcp_win.dll
0x73c50000 - 0x73d6e000 	C:\WINDOWS\System32\ucrtbase.dll
0x63210000 - 0x63414000 	C:\WINDOWS\WinSxS\x86_microsoft.windows.common-controls_6595b64144ccf1df_6.0.17134.407_none_42f1d43a44dfbaef\COMCTL32.dll
0x76620000 - 0x7687c000 	C:\WINDOWS\System32\combase.dll
0x73f70000 - 0x73fc8000 	C:\WINDOWS\System32\bcryptPrimitives.dll
0x748f0000 - 0x74916000 	C:\WINDOWS\System32\IMM32.DLL
0x5b250000 - 0x5b30f000 	C:\Program Files\Java\jre1.8.0_191\bin\msvcr100.dll
0x6c840000 - 0x6cc13000 	C:\Program Files\Java\jre1.8.0_191\bin\client\jvm.dll
0x769a0000 - 0x769a6000 	C:\WINDOWS\System32\PSAPI.DLL
0x6c460000 - 0x6c468000 	C:\WINDOWS\SYSTEM32\WSOCK32.dll
0x769b0000 - 0x76a17000 	C:\WINDOWS\System32\WS2_32.dll
0x719a0000 - 0x719c4000 	C:\WINDOWS\SYSTEM32\WINMM.dll
0x6e4c0000 - 0x6e4c8000 	C:\WINDOWS\SYSTEM32\VERSION.dll
0x71970000 - 0x71993000 	C:\WINDOWS\SYSTEM32\WINMMBASE.dll
0x747b0000 - 0x747e9000 	C:\WINDOWS\System32\cfgmgr32.dll
0x60130000 - 0x6013c000 	C:\Program Files\Java\jre1.8.0_191\bin\verify.dll
0x5fb50000 - 0x5fb72000 	C:\Program Files\Java\jre1.8.0_191\bin\java.dll
0x600a0000 - 0x600b4000 	C:\Program Files\Java\jre1.8.0_191\bin\zip.dll
0x74ae0000 - 0x75e2a000 	C:\WINDOWS\System32\SHELL32.dll
0x76530000 - 0x765b8000 	C:\WINDOWS\System32\shcore.dll
0x741f0000 - 0x747a9000 	C:\WINDOWS\System32\windows.storage.dll
0x76360000 - 0x763a5000 	C:\WINDOWS\System32\shlwapi.dll
0x739b0000 - 0x739bf000 	C:\WINDOWS\System32\kernel.appcore.dll
0x739c0000 - 0x739d8000 	C:\WINDOWS\System32\profapi.dll
0x73950000 - 0x73995000 	C:\WINDOWS\System32\powrprof.dll
0x739e0000 - 0x739e8000 	C:\WINDOWS\System32\FLTLIB.DLL
0x71dc0000 - 0x71dca000 	C:\Program Files\Java\jre1.8.0_191\bin\management.dll
0x5fd80000 - 0x5fd95000 	C:\Program Files\Java\jre1.8.0_191\bin\net.dll
0x73290000 - 0x732e8000 	C:\WINDOWS\system32\mswsock.dll
0x600e0000 - 0x600f1000 	C:\WINDOWS\system32\napinsp.dll
0x600c0000 - 0x600d6000 	C:\WINDOWS\system32\pnrpnsp.dll
0x70a60000 - 0x70a73000 	C:\WINDOWS\system32\NLAapi.dll
0x60d70000 - 0x60d7c000 	C:\WINDOWS\System32\winrnr.dll
0x730b0000 - 0x7313e000 	C:\WINDOWS\SYSTEM32\DNSAPI.dll
0x76f30000 - 0x76f37000 	C:\WINDOWS\System32\NSI.dll
0x73080000 - 0x730b0000 	C:\WINDOWS\SYSTEM32\IPHLPAPI.DLL
0x6c3e0000 - 0x6c3f1000 	C:\WINDOWS\System32\wshbth.dll
0x6b230000 - 0x6b238000 	C:\Windows\System32\rasadhlp.dll
0x6b1a0000 - 0x6b1ef000 	C:\WINDOWS\System32\fwpuclnt.dll
0x73510000 - 0x7352b000 	C:\WINDOWS\SYSTEM32\bcrypt.dll
0x5fed0000 - 0x5fedf000 	C:\Program Files\Java\jre1.8.0_191\bin\nio.dll
0x73410000 - 0x73423000 	C:\WINDOWS\SYSTEM32\CRYPTSP.dll
0x72f30000 - 0x72f5f000 	C:\WINDOWS\system32\rsaenh.dll
0x73860000 - 0x73881000 	C:\WINDOWS\SYSTEM32\USERENV.dll
0x73430000 - 0x7343a000 	C:\WINDOWS\SYSTEM32\CRYPTBASE.dll
0x6b630000 - 0x6b643000 	C:\WINDOWS\SYSTEM32\dhcpcsvc6.DLL
0x6bba0000 - 0x6bbb4000 	C:\WINDOWS\SYSTEM32\dhcpcsvc.DLL
0x5fac0000 - 0x5fae0000 	C:\Program Files\Java\jre1.8.0_191\bin\sunec.dll
0x61e60000 - 0x61e69000 	C:\Program Files\Java\jre1.8.0_191\bin\sunmscapi.dll
0x74050000 - 0x741e6000 	C:\WINDOWS\System32\CRYPT32.dll
0x739a0000 - 0x739ae000 	C:\WINDOWS\System32\MSASN1.dll

VM Arguments:
jvm_args: -Dfile.encoding=UTF-8 
java_command: com.GhostBusterCalculator.GhostBusterCalculator.GhostBusterCalculatorApplication
java_class_path (initial): C:\Users\bryan\Desktop\eclipse-workspace\GhostBusterCalculator\target\classes;C:\Users\bryan\.m2\repository\org\springframework\boot\spring-boot-starter-data-jpa\2.0.6.RELEASE\spring-boot-starter-data-jpa-2.0.6.RELEASE.jar;C:\Users\bryan\.m2\repository\org\springframework\boot\spring-boot-starter\2.0.6.RELEASE\spring-boot-starter-2.0.6.RELEASE.jar;C:\Users\bryan\.m2\repository\org\springframework\boot\spring-boot-starter-logging\2.0.6.RELEASE\spring-boot-starter-logging-2.0.6.RELEASE.jar;C:\Users\bryan\.m2\repository\ch\qos\logback\logback-classic\1.2.3\logback-classic-1.2.3.jar;C:\Users\bryan\.m2\repository\ch\qos\logback\logback-core\1.2.3\logback-core-1.2.3.jar;C:\Users\bryan\.m2\repository\org\apache\logging\log4j\log4j-to-slf4j\2.10.0\log4j-to-slf4j-2.10.0.jar;C:\Users\bryan\.m2\repository\org\apache\logging\log4j\log4j-api\2.10.0\log4j-api-2.10.0.jar;C:\Users\bryan\.m2\repository\org\slf4j\jul-to-slf4j\1.7.25\jul-to-slf4j-1.7.25.jar;C:\Users\bryan\.m2\repository\org\yaml\snakeyaml\1.19\snakeyaml-1.19.jar;C:\Users\bryan\.m2\repository\org\springframework\boot\spring-boot-starter-aop\2.0.6.RELEASE\spring-boot-starter-aop-2.0.6.RELEASE.jar;C:\Users\bryan\.m2\repository\org\springframework\spring-aop\5.0.10.RELEASE\spring-aop-5.0.10.RELEASE.jar;C:\Users\bryan\.m2\repository\org\aspectj\aspectjweaver\1.8.13\aspectjweaver-1.8.13.jar;C:\Users\bryan\.m2\repository\org\springframework\boot\spring-boot-starter-jdbc\2.0.6.RELEASE\spring-boot-starter-jdbc-2.0.6.RELEASE.jar;C:\Users\bryan\.m2\repository\com\zaxxer\HikariCP\2.7.9\HikariCP-2.7.9.jar;C:\Users\bryan\.m2\repository\org\springframework\spring-jdbc\5.0.10.RELEASE\spring-jdbc-5.0.10.RELEASE.jar;C:\Users\bryan\.m2\repository\javax\transaction\javax.transaction-api\1.2\javax.transaction-api-1.2.jar;C:\Users\bryan\.m2\repository\org\hibernate\hibernate-core\5.2.17.Final\hibernate-core-5.2.17.Final.jar;C:\Users\bryan\.m2\repository\org\jboss\logging\jboss-logging\3.3.2.Final\jboss-logging-
Launcher Type: SUN_STANDARD

Environment Variables:
PATH=C:/Program Files/Java/jre1.8.0_191/bin/client;C:/Program Files/Java/jre1.8.0_191/bin;C:/Program Files/Java/jre1.8.0_191/lib/i386;C:\Program Files\Common Files\Oracle\Java\javapath;C:\WINDOWS\system32;C:\WINDOWS;C:\WINDOWS\System32\Wbem;C:\WINDOWS\System32\WindowsPowerShell\v1.0\;C:\Program Files\Skype\Phone\;C:\WINDOWS\System32\OpenSSH\;C:\Program Files\Git\cmd;C:\Users\bryan\AppData\Local\Microsoft\WindowsApps;;C:\Users\bryan\Desktop\eclipse;
USERNAME=bryan
OS=Windows_NT
PROCESSOR_IDENTIFIER=x86 Family 6 Model 55 Stepping 8, GenuineIntel



---------------  S Y S T E M  ---------------

OS: Windows 10.0 Build 17134 (10.0.17134.1)

CPU:total 4 (initial active 4) (4 cores per cpu, 1 threads per core) family 6 model 55 stepping 8, cmov, cx8, fxsr, mmx, sse, sse2, sse3, ssse3, sse4.1, sse4.2, popcnt, aes, clmul, erms, 3dnowpref, tsc, tscinvbit

Memory: 4k page, physical 2034336k(159316k free), swap 3205792k(0k free)

vm_info: Java HotSpot(TM) Client VM (25.191-b12) for windows-x86 JRE (1.8.0_191-b12), built on Oct  6 2018 08:34:23 by "java_re" with MS VC++ 10.0 (VS2010)

time: Wed Dec 05 13:30:58 2018
elapsed time: 1659 seconds (0d 0h 27m 39s)

